-------------------------------------------------------------------------------
Test set: com.project.EdgeCaseTests
-------------------------------------------------------------------------------
Tests run: 7, Failures: 0, Errors: 7, Skipped: 0, Time elapsed: 0.013 s <<< FAILURE! - in com.project.EdgeCaseTests
testMissingRequiredFields  Time elapsed: 0.001 s  <<< ERROR!
java.lang.Error: 
Unresolved compilation problems: 
	Syntax error on token(s), misplaced construct(s)
	Syntax error on token(s), misplaced construct(s)
	The type XMLParserAdapteeTest is already defined
	Syntax error on token "package", import expected
	The type XMLParserAdapteeTest is already defined
	Syntax error on token "}", { expected after this token
	Syntax error on token "}", delete this token
	The method createTestFile(String, String) is undefined for the type EdgeCaseTests
	parser cannot be resolved
	The method createTestFile(String, String) is undefined for the type EdgeCaseTests
	parser cannot be resolved
	The method createTestFile(String, String) is undefined for the type EdgeCaseTests
	parser cannot be resolved
	The method createTestFile(String, String) is undefined for the type EdgeCaseTests
	parser cannot be resolved
	The method createTestFile(String, String) is undefined for the type EdgeCaseTests
	parser cannot be resolved
	The method createTestFile(String, String) is undefined for the type EdgeCaseTests
	The method createTestFile(String, String) is undefined for the type EdgeCaseTests
	parser cannot be resolved
	parser cannot be resolved
	The method createTestFile(String, String) is undefined for the type EdgeCaseTests
	parser cannot be resolved
	parser cannot be resolved
	The method createTestFile(String, String) is undefined for the type ErrorHandlingTests
	parser cannot be resolved
	The method createTestFile(String, String) is undefined for the type ErrorHandlingTests
	parser cannot be resolved
	The method createTestFile(String, String) is undefined for the type ErrorHandlingTests
	parser cannot be resolved
	The method createTestFile(String, String) is undefined for the type ErrorHandlingTests
	parser cannot be resolved
	parser cannot be resolved
	parser cannot be resolved
	Syntax error on token "}", delete this token
	testDir cannot be resolved

	at com.project.EdgeCaseTests.<init>(XMLParserAdapteeTest.java:1)

testMissingOptionFields  Time elapsed: 0.002 s  <<< ERROR!
java.lang.Error: 
Unresolved compilation problems: 
	Syntax error on token(s), misplaced construct(s)
	Syntax error on token(s), misplaced construct(s)
	The type XMLParserAdapteeTest is already defined
	Syntax error on token "package", import expected
	The type XMLParserAdapteeTest is already defined
	Syntax error on token "}", { expected after this token
	Syntax error on token "}", delete this token
	The method createTestFile(String, String) is undefined for the type EdgeCaseTests
	parser cannot be resolved
	The method createTestFile(String, String) is undefined for the type EdgeCaseTests
	parser cannot be resolved
	The method createTestFile(String, String) is undefined for the type EdgeCaseTests
	parser cannot be resolved
	The method createTestFile(String, String) is undefined for the type EdgeCaseTests
	parser cannot be resolved
	The method createTestFile(String, String) is undefined for the type EdgeCaseTests
	parser cannot be resolved
	The method createTestFile(String, String) is undefined for the type EdgeCaseTests
	The method createTestFile(String, String) is undefined for the type EdgeCaseTests
	parser cannot be resolved
	parser cannot be resolved
	The method createTestFile(String, String) is undefined for the type EdgeCaseTests
	parser cannot be resolved
	parser cannot be resolved
	The method createTestFile(String, String) is undefined for the type ErrorHandlingTests
	parser cannot be resolved
	The method createTestFile(String, String) is undefined for the type ErrorHandlingTests
	parser cannot be resolved
	The method createTestFile(String, String) is undefined for the type ErrorHandlingTests
	parser cannot be resolved
	The method createTestFile(String, String) is undefined for the type ErrorHandlingTests
	parser cannot be resolved
	parser cannot be resolved
	parser cannot be resolved
	Syntax error on token "}", delete this token
	testDir cannot be resolved

	at com.project.EdgeCaseTests.<init>(XMLParserAdapteeTest.java:1)

testDataClearing  Time elapsed: 0.001 s  <<< ERROR!
java.lang.Error: 
Unresolved compilation problems: 
	Syntax error on token(s), misplaced construct(s)
	Syntax error on token(s), misplaced construct(s)
	The type XMLParserAdapteeTest is already defined
	Syntax error on token "package", import expected
	The type XMLParserAdapteeTest is already defined
	Syntax error on token "}", { expected after this token
	Syntax error on token "}", delete this token
	The method createTestFile(String, String) is undefined for the type EdgeCaseTests
	parser cannot be resolved
	The method createTestFile(String, String) is undefined for the type EdgeCaseTests
	parser cannot be resolved
	The method createTestFile(String, String) is undefined for the type EdgeCaseTests
	parser cannot be resolved
	The method createTestFile(String, String) is undefined for the type EdgeCaseTests
	parser cannot be resolved
	The method createTestFile(String, String) is undefined for the type EdgeCaseTests
	parser cannot be resolved
	The method createTestFile(String, String) is undefined for the type EdgeCaseTests
	The method createTestFile(String, String) is undefined for the type EdgeCaseTests
	parser cannot be resolved
	parser cannot be resolved
	The method createTestFile(String, String) is undefined for the type EdgeCaseTests
	parser cannot be resolved
	parser cannot be resolved
	The method createTestFile(String, String) is undefined for the type ErrorHandlingTests
	parser cannot be resolved
	The method createTestFile(String, String) is undefined for the type ErrorHandlingTests
	parser cannot be resolved
	The method createTestFile(String, String) is undefined for the type ErrorHandlingTests
	parser cannot be resolved
	The method createTestFile(String, String) is undefined for the type ErrorHandlingTests
	parser cannot be resolved
	parser cannot be resolved
	parser cannot be resolved
	Syntax error on token "}", delete this token
	testDir cannot be resolved

	at com.project.EdgeCaseTests.<init>(XMLParserAdapteeTest.java:1)

testEmptyElements  Time elapsed: 0.001 s  <<< ERROR!
java.lang.Error: 
Unresolved compilation problems: 
	Syntax error on token(s), misplaced construct(s)
	Syntax error on token(s), misplaced construct(s)
	The type XMLParserAdapteeTest is already defined
	Syntax error on token "package", import expected
	The type XMLParserAdapteeTest is already defined
	Syntax error on token "}", { expected after this token
	Syntax error on token "}", delete this token
	The method createTestFile(String, String) is undefined for the type EdgeCaseTests
	parser cannot be resolved
	The method createTestFile(String, String) is undefined for the type EdgeCaseTests
	parser cannot be resolved
	The method createTestFile(String, String) is undefined for the type EdgeCaseTests
	parser cannot be resolved
	The method createTestFile(String, String) is undefined for the type EdgeCaseTests
	parser cannot be resolved
	The method createTestFile(String, String) is undefined for the type EdgeCaseTests
	parser cannot be resolved
	The method createTestFile(String, String) is undefined for the type EdgeCaseTests
	The method createTestFile(String, String) is undefined for the type EdgeCaseTests
	parser cannot be resolved
	parser cannot be resolved
	The method createTestFile(String, String) is undefined for the type EdgeCaseTests
	parser cannot be resolved
	parser cannot be resolved
	The method createTestFile(String, String) is undefined for the type ErrorHandlingTests
	parser cannot be resolved
	The method createTestFile(String, String) is undefined for the type ErrorHandlingTests
	parser cannot be resolved
	The method createTestFile(String, String) is undefined for the type ErrorHandlingTests
	parser cannot be resolved
	The method createTestFile(String, String) is undefined for the type ErrorHandlingTests
	parser cannot be resolved
	parser cannot be resolved
	parser cannot be resolved
	Syntax error on token "}", delete this token
	testDir cannot be resolved

	at com.project.EdgeCaseTests.<init>(XMLParserAdapteeTest.java:1)

testMissingOptions  Time elapsed: 0.002 s  <<< ERROR!
java.lang.Error: 
Unresolved compilation problems: 
	Syntax error on token(s), misplaced construct(s)
	Syntax error on token(s), misplaced construct(s)
	The type XMLParserAdapteeTest is already defined
	Syntax error on token "package", import expected
	The type XMLParserAdapteeTest is already defined
	Syntax error on token "}", { expected after this token
	Syntax error on token "}", delete this token
	The method createTestFile(String, String) is undefined for the type EdgeCaseTests
	parser cannot be resolved
	The method createTestFile(String, String) is undefined for the type EdgeCaseTests
	parser cannot be resolved
	The method createTestFile(String, String) is undefined for the type EdgeCaseTests
	parser cannot be resolved
	The method createTestFile(String, String) is undefined for the type EdgeCaseTests
	parser cannot be resolved
	The method createTestFile(String, String) is undefined for the type EdgeCaseTests
	parser cannot be resolved
	The method createTestFile(String, String) is undefined for the type EdgeCaseTests
	The method createTestFile(String, String) is undefined for the type EdgeCaseTests
	parser cannot be resolved
	parser cannot be resolved
	The method createTestFile(String, String) is undefined for the type EdgeCaseTests
	parser cannot be resolved
	parser cannot be resolved
	The method createTestFile(String, String) is undefined for the type ErrorHandlingTests
	parser cannot be resolved
	The method createTestFile(String, String) is undefined for the type ErrorHandlingTests
	parser cannot be resolved
	The method createTestFile(String, String) is undefined for the type ErrorHandlingTests
	parser cannot be resolved
	The method createTestFile(String, String) is undefined for the type ErrorHandlingTests
	parser cannot be resolved
	parser cannot be resolved
	parser cannot be resolved
	Syntax error on token "}", delete this token
	testDir cannot be resolved

	at com.project.EdgeCaseTests.<init>(XMLParserAdapteeTest.java:1)

testWhitespaceHandling  Time elapsed: 0.001 s  <<< ERROR!
java.lang.Error: 
Unresolved compilation problems: 
	Syntax error on token(s), misplaced construct(s)
	Syntax error on token(s), misplaced construct(s)
	The type XMLParserAdapteeTest is already defined
	Syntax error on token "package", import expected
	The type XMLParserAdapteeTest is already defined
	Syntax error on token "}", { expected after this token
	Syntax error on token "}", delete this token
	The method createTestFile(String, String) is undefined for the type EdgeCaseTests
	parser cannot be resolved
	The method createTestFile(String, String) is undefined for the type EdgeCaseTests
	parser cannot be resolved
	The method createTestFile(String, String) is undefined for the type EdgeCaseTests
	parser cannot be resolved
	The method createTestFile(String, String) is undefined for the type EdgeCaseTests
	parser cannot be resolved
	The method createTestFile(String, String) is undefined for the type EdgeCaseTests
	parser cannot be resolved
	The method createTestFile(String, String) is undefined for the type EdgeCaseTests
	The method createTestFile(String, String) is undefined for the type EdgeCaseTests
	parser cannot be resolved
	parser cannot be resolved
	The method createTestFile(String, String) is undefined for the type EdgeCaseTests
	parser cannot be resolved
	parser cannot be resolved
	The method createTestFile(String, String) is undefined for the type ErrorHandlingTests
	parser cannot be resolved
	The method createTestFile(String, String) is undefined for the type ErrorHandlingTests
	parser cannot be resolved
	The method createTestFile(String, String) is undefined for the type ErrorHandlingTests
	parser cannot be resolved
	The method createTestFile(String, String) is undefined for the type ErrorHandlingTests
	parser cannot be resolved
	parser cannot be resolved
	parser cannot be resolved
	Syntax error on token "}", delete this token
	testDir cannot be resolved

	at com.project.EdgeCaseTests.<init>(XMLParserAdapteeTest.java:1)

testEmptyXML  Time elapsed: 0.004 s  <<< ERROR!
java.lang.Error: 
Unresolved compilation problems: 
	Syntax error on token(s), misplaced construct(s)
	Syntax error on token(s), misplaced construct(s)
	The type XMLParserAdapteeTest is already defined
	Syntax error on token "package", import expected
	The type XMLParserAdapteeTest is already defined
	Syntax error on token "}", { expected after this token
	Syntax error on token "}", delete this token
	The method createTestFile(String, String) is undefined for the type EdgeCaseTests
	parser cannot be resolved
	The method createTestFile(String, String) is undefined for the type EdgeCaseTests
	parser cannot be resolved
	The method createTestFile(String, String) is undefined for the type EdgeCaseTests
	parser cannot be resolved
	The method createTestFile(String, String) is undefined for the type EdgeCaseTests
	parser cannot be resolved
	The method createTestFile(String, String) is undefined for the type EdgeCaseTests
	parser cannot be resolved
	The method createTestFile(String, String) is undefined for the type EdgeCaseTests
	The method createTestFile(String, String) is undefined for the type EdgeCaseTests
	parser cannot be resolved
	parser cannot be resolved
	The method createTestFile(String, String) is undefined for the type EdgeCaseTests
	parser cannot be resolved
	parser cannot be resolved
	The method createTestFile(String, String) is undefined for the type ErrorHandlingTests
	parser cannot be resolved
	The method createTestFile(String, String) is undefined for the type ErrorHandlingTests
	parser cannot be resolved
	The method createTestFile(String, String) is undefined for the type ErrorHandlingTests
	parser cannot be resolved
	The method createTestFile(String, String) is undefined for the type ErrorHandlingTests
	parser cannot be resolved
	parser cannot be resolved
	parser cannot be resolved
	Syntax error on token "}", delete this token
	testDir cannot be resolved

	at com.project.EdgeCaseTests.<init>(XMLParserAdapteeTest.java:1)

