-------------------------------------------------------------------------------
Test set: com.project.BuilderIntegrationTests
-------------------------------------------------------------------------------
Tests run: 2, Failures: 0, Errors: 2, Skipped: 0, Time elapsed: 0.019 s <<< FAILURE! - in com.project.BuilderIntegrationTests
testQuestionBuilding  Time elapsed: 0.008 s  <<< ERROR!
java.lang.Error: 
Unresolved compilation problems: 
	Syntax error on token(s), misplaced construct(s)
	Syntax error on token(s), misplaced construct(s)
	The type CSVParserAdapteeTest is already defined
	Syntax error on token "package", import expected
	The type CSVParserAdapteeTest is already defined
	Syntax error on token "}", delete this token
	parser cannot be resolved
	The method createTestFile(String, String) is undefined for the type ErrorHandlingTests
	parser cannot be resolved
	The method createTestFile(String, String) is undefined for the type ErrorHandlingTests
	parser cannot be resolved
	parser cannot be resolved
	parser cannot be resolved
	Syntax error on token "}", delete this token
	testDir cannot be resolved

	at com.project.BuilderIntegrationTests.<init>(CSVParserAdapteeTest.java:1)

testMissingRequiredField  Time elapsed: 0 s  <<< ERROR!
java.lang.Error: 
Unresolved compilation problems: 
	Syntax error on token(s), misplaced construct(s)
	Syntax error on token(s), misplaced construct(s)
	The type CSVParserAdapteeTest is already defined
	Syntax error on token "package", import expected
	The type CSVParserAdapteeTest is already defined
	Syntax error on token "}", delete this token
	parser cannot be resolved
	The method createTestFile(String, String) is undefined for the type ErrorHandlingTests
	parser cannot be resolved
	The method createTestFile(String, String) is undefined for the type ErrorHandlingTests
	parser cannot be resolved
	parser cannot be resolved
	parser cannot be resolved
	Syntax error on token "}", delete this token
	testDir cannot be resolved

	at com.project.BuilderIntegrationTests.<init>(CSVParserAdapteeTest.java:1)

