<?xml version="1.0" encoding="UTF-8"?>
<testsuite xmlns:xsi="http://www.w3.org/2001/XMLSchema-instance" xsi:noNamespaceSchemaLocation="https://maven.apache.org/surefire/maven-surefire-plugin/xsd/surefire-test-report.xsd" name="com.project.ScoringTest" time="0.037" tests="6" errors="0" skipped="0" failures="0">
  <properties>
[...]
</properties>
  <testcase name="averageGameFlow" classname="com.project.ScoringTest$RealGameFlow" time="0.005"/>
  <testcase name="largeScoreHandling" classname="com.project.ScoringTest$EdgeCaseTests" time="0.002"/>
  <testcase name="scoresCanGoNegative" classname="com.project.ScoringTest$IncorrectAnswerTests" time="0.002"/>
  <testcase name="incorrectAnswerDeductsPoints" classname="com.project.ScoringTest$IncorrectAnswerTests" time="0.001"/>
  <testcase name="multipleCorrectAnswers" classname="com.project.ScoringTest$CorrectAnswerTests" time="0.003"/>
  <testcase name="correctAnswerAddsPoints" classname="com.project.ScoringTest$CorrectAnswerTests" time="0"/>
</testsuite>